# JRE version: Java(TM) SE Runtime Environment (8.0_151-b12) (build 1.8.0_151-b12)
# Java VM: Java HotSpot(TM) 64-Bit Server VM (25.151-b12 mixed mode windows-amd64 compressed oops)
Heap:
 PSYoungGen      total 106496K, used 96910K [0x00000000e0c00000, 0x00000000e8200000, 0x0000000100000000)
  eden space 96256K, 90% used [0x00000000e0c00000,0x00000000e617c3a0,0x00000000e6a00000)
  from space 10240K, 91% used [0x00000000e7800000,0x00000000e8127670,0x00000000e8200000)
  to   space 12288K, 0% used [0x00000000e6a00000,0x00000000e6a00000,0x00000000e7600000)
 ParOldGen       total 95744K, used 16147K [0x00000000a2400000, 0x00000000a8180000, 0x00000000e0c00000)
  object space 95744K, 16% used [0x00000000a2400000,0x00000000a33c4cf8,0x00000000a8180000)
 Metaspace       used 44671K, capacity 45556K, committed 45824K, reserved 1089536K
  class space    used 6092K, capacity 6332K, committed 6400K, reserved 1048576K
GC Heap History (10 events):
Event: 18.554 GC heap before
{Heap before GC invocations=8 (full 1):
 PSYoungGen      total 57344K, used 51121K [0x00000000e0c00000, 0x00000000e5580000, 0x0000000100000000)
  eden space 46592K, 100% used [0x00000000e0c00000,0x00000000e3980000,0x00000000e3980000)
  from space 10752K, 42% used [0x00000000e4400000,0x00000000e486c408,0x00000000e4e80000)
  to   space 10752K, 0% used [0x00000000e3980000,0x00000000e3980000,0x00000000e4400000)
 ParOldGen       total 87552K, used 8927K [0x00000000a2400000, 0x00000000a7980000, 0x00000000e0c00000)
  object space 87552K, 10% used [0x00000000a2400000,0x00000000a2cb7fe8,0x00000000a7980000)
 Metaspace       used 30203K, capacity 30686K, committed 30848K, reserved 1075200K
  class space    used 4227K, capacity 4370K, committed 4480K, reserved 1048576K
Event: 18.574 GC heap after
Heap after GC invocations=8 (full 1):
 PSYoungGen      total 57344K, used 7187K [0x00000000e0c00000, 0x00000000e6700000, 0x0000000100000000)
  eden space 46592K, 0% used [0x00000000e0c00000,0x00000000e0c00000,0x00000000e3980000)
  from space 10752K, 66% used [0x00000000e3980000,0x00000000e4084de8,0x00000000e4400000)
  to   space 10240K, 0% used [0x00000000e5d00000,0x00000000e5d00000,0x00000000e6700000)
 ParOldGen       total 87552K, used 8999K [0x00000000a2400000, 0x00000000a7980000, 0x00000000e0c00000)
  object space 87552K, 10% used [0x00000000a2400000,0x00000000a2cc9ff8,0x00000000a7980000)
 Metaspace       used 30203K, capacity 30686K, committed 30848K, reserved 1075200K
  class space    used 4227K, capacity 4370K, committed 4480K, reserved 1048576K
}
Event: 20.135 GC heap before
{Heap before GC invocations=9 (full 1):
 PSYoungGen      total 57344K, used 53779K [0x00000000e0c00000, 0x00000000e6700000, 0x0000000100000000)
  eden space 46592K, 100% used [0x00000000e0c00000,0x00000000e3980000,0x00000000e3980000)
  from space 10752K, 66% used [0x00000000e3980000,0x00000000e4084de8,0x00000000e4400000)
  to   space 10240K, 0% used [0x00000000e5d00000,0x00000000e5d00000,0x00000000e6700000)
 ParOldGen       total 87552K, used 8999K [0x00000000a2400000, 0x00000000a7980000, 0x00000000e0c00000)
  object space 87552K, 10% used [0x00000000a2400000,0x00000000a2cc9ff8,0x00000000a7980000)
 Metaspace       used 31694K, capacity 32258K, committed 32512K, reserved 1077248K
  class space    used 4416K, capacity 4570K, committed 4608K, reserved 1048576K
Event: 20.167 GC heap after
Heap after GC invocations=9 (full 1):
 PSYoungGen      total 82432K, used 7585K [0x00000000e0c00000, 0x00000000e6980000, 0x0000000100000000)
  eden space 72192K, 0% used [0x00000000e0c00000,0x00000000e0c00000,0x00000000e5280000)
  from space 10240K, 74% used [0x00000000e5d00000,0x00000000e6468760,0x00000000e6700000)
  to   space 10752K, 0% used [0x00000000e5280000,0x00000000e5280000,0x00000000e5d00000)
 ParOldGen       total 87552K, used 9007K [0x00000000a2400000, 0x00000000a7980000, 0x00000000e0c00000)
  object space 87552K, 10% used [0x00000000a2400000,0x00000000a2ccbff8,0x00000000a7980000)
 Metaspace       used 31694K, capacity 32258K, committed 32512K, reserved 1077248K
  class space    used 4416K, capacity 4570K, committed 4608K, reserved 1048576K
}
Event: 20.994 GC heap before
{Heap before GC invocations=10 (full 1):
 PSYoungGen      total 82432K, used 41850K [0x00000000e0c00000, 0x00000000e6980000, 0x0000000100000000)
  eden space 72192K, 47% used [0x00000000e0c00000,0x00000000e2d76178,0x00000000e5280000)
  from space 10240K, 74% used [0x00000000e5d00000,0x00000000e6468760,0x00000000e6700000)
  to   space 10752K, 0% used [0x00000000e5280000,0x00000000e5280000,0x00000000e5d00000)
 ParOldGen       total 87552K, used 9007K [0x00000000a2400000, 0x00000000a7980000, 0x00000000e0c00000)
  object space 87552K, 10% used [0x00000000a2400000,0x00000000a2ccbff8,0x00000000a7980000)
 Metaspace       used 34686K, capacity 35292K, committed 35416K, reserved 1079296K
  class space    used 4857K, capacity 5049K, committed 5120K, reserved 1048576K
Event: 21.011 GC heap after
Heap after GC invocations=10 (full 1):
 PSYoungGen      total 82944K, used 9920K [0x00000000e0c00000, 0x00000000e8380000, 0x0000000100000000)
  eden space 72192K, 0% used [0x00000000e0c00000,0x00000000e0c00000,0x00000000e5280000)
  from space 10752K, 92% used [0x00000000e5280000,0x00000000e5c30270,0x00000000e5d00000)
  to   space 11776K, 0% used [0x00000000e7800000,0x00000000e7800000,0x00000000e8380000)
 ParOldGen       total 87552K, used 9015K [0x00000000a2400000, 0x00000000a7980000, 0x00000000e0c00000)
  object space 87552K, 10% used [0x00000000a2400000,0x00000000a2ccdff8,0x00000000a7980000)
 Metaspace       used 34686K, capacity 35292K, committed 35416K, reserved 1079296K
  class space    used 4857K, capacity 5049K, committed 5120K, reserved 1048576K
}
Event: 21.011 GC heap before
{Heap before GC invocations=11 (full 2):
 PSYoungGen      total 82944K, used 9920K [0x00000000e0c00000, 0x00000000e8380000, 0x0000000100000000)
  eden space 72192K, 0% used [0x00000000e0c00000,0x00000000e0c00000,0x00000000e5280000)
  from space 10752K, 92% used [0x00000000e5280000,0x00000000e5c30270,0x00000000e5d00000)
  to   space 11776K, 0% used [0x00000000e7800000,0x00000000e7800000,0x00000000e8380000)
 ParOldGen       total 87552K, used 9015K [0x00000000a2400000, 0x00000000a7980000, 0x00000000e0c00000)
  object space 87552K, 10% used [0x00000000a2400000,0x00000000a2ccdff8,0x00000000a7980000)
 Metaspace       used 34686K, capacity 35292K, committed 35416K, reserved 1079296K
  class space    used 4857K, capacity 5049K, committed 5120K, reserved 1048576K
Event: 21.166 GC heap after
Heap after GC invocations=11 (full 2):
 PSYoungGen      total 82944K, used 0K [0x00000000e0c00000, 0x00000000e8380000, 0x0000000100000000)
  eden space 72192K, 0% used [0x00000000e0c00000,0x00000000e0c00000,0x00000000e5280000)
  from space 10752K, 0% used [0x00000000e5280000,0x00000000e5280000,0x00000000e5d00000)
  to   space 11776K, 0% used [0x00000000e7800000,0x00000000e7800000,0x00000000e8380000)
 ParOldGen       total 95744K, used 16139K [0x00000000a2400000, 0x00000000a8180000, 0x00000000e0c00000)
  object space 95744K, 16% used [0x00000000a2400000,0x00000000a33c2cf8,0x00000000a8180000)
 Metaspace       used 34686K, capacity 35292K, committed 35416K, reserved 1079296K
  class space    used 4857K, capacity 5049K, committed 5120K, reserved 1048576K
}
Event: 23.784 GC heap before
{Heap before GC invocations=12 (full 2):
 PSYoungGen      total 82944K, used 72192K [0x00000000e0c00000, 0x00000000e8380000, 0x0000000100000000)
  eden space 72192K, 100% used [0x00000000e0c00000,0x00000000e5280000,0x00000000e5280000)
  from space 10752K, 0% used [0x00000000e5280000,0x00000000e5280000,0x00000000e5d00000)
  to   space 11776K, 0% used [0x00000000e7800000,0x00000000e7800000,0x00000000e8380000)
 ParOldGen       total 95744K, used 16139K [0x00000000a2400000, 0x00000000a8180000, 0x00000000e0c00000)
  object space 95744K, 16% used [0x00000000a2400000,0x00000000a33c2cf8,0x00000000a8180000)
 Metaspace       used 40275K, capacity 40922K, committed 41216K, reserved 1085440K
  class space    used 5601K, capacity 5800K, committed 5888K, reserved 1048576K
Event: 23.804 GC heap after
Heap after GC invocations=12 (full 2):
 PSYoungGen      total 106496K, used 9373K [0x00000000e0c00000, 0x00000000e8200000, 0x0000000100000000)
  eden space 96256K, 0% used [0x00000000e0c00000,0x00000000e0c00000,0x00000000e6a00000)
  from space 10240K, 91% used [0x00000000e7800000,0x00000000e8127670,0x00000000e8200000)
  to   space 12288K, 0% used [0x00000000e6a00000,0x00000000e6a00000,0x00000000e7600000)
 ParOldGen       total 95744K, used 16147K [0x00000000a2400000, 0x00000000a8180000, 0x00000000e0c00000)
  object space 95744K, 16% used [0x00000000a2400000,0x00000000a33c4cf8,0x00000000a8180000)
 Metaspace       used 40275K, capacity 40922K, committed 41216K, reserved 1085440K
  class space    used 5601K, capacity 5800K, committed 5888K, reserved 1048576K
}

